c:\users\jneerudu\source\repos\WebApplication1\WebApplication1\dist\out-tsc\e2e\app.po.js
c:\users\jneerudu\source\repos\WebApplication1\WebApplication1\dist\out-tsc\e2e\app.po.js.map
c:\users\jneerudu\source\repos\WebApplication1\WebApplication1\dist\out-tsc\e2e\app.e2e-spec.js
c:\users\jneerudu\source\repos\WebApplication1\WebApplication1\dist\out-tsc\e2e\app.e2e-spec.js.map
c:\users\jneerudu\source\repos\WebApplication1\WebApplication1\dist\out-tsc\src\app\data-table\components\row.js
c:\users\jneerudu\source\repos\WebApplication1\WebApplication1\dist\out-tsc\src\app\data-table\components\row.js.map
c:\users\jneerudu\source\repos\WebApplication1\WebApplication1\dist\out-tsc\src\app\data-table\components\types.js
c:\users\jneerudu\source\repos\WebApplication1\WebApplication1\dist\out-tsc\src\app\data-table\components\types.js.map
c:\users\jneerudu\source\repos\WebApplication1\WebApplication1\dist\out-tsc\src\app\data-table\components\column.js
c:\users\jneerudu\source\repos\WebApplication1\WebApplication1\dist\out-tsc\src\app\data-table\components\column.js.map
c:\users\jneerudu\source\repos\WebApplication1\WebApplication1\dist\out-tsc\src\app\data-table\utils\drag.js
c:\users\jneerudu\source\repos\WebApplication1\WebApplication1\dist\out-tsc\src\app\data-table\utils\drag.js.map
c:\users\jneerudu\source\repos\WebApplication1\WebApplication1\dist\out-tsc\src\app\data-table\components\table.js
c:\users\jneerudu\source\repos\WebApplication1\WebApplication1\dist\out-tsc\src\app\data-table\components\table.js.map
c:\users\jneerudu\source\repos\WebApplication1\WebApplication1\dist\out-tsc\src\app\data-table\components\pagination.js
c:\users\jneerudu\source\repos\WebApplication1\WebApplication1\dist\out-tsc\src\app\data-table\components\pagination.js.map
c:\users\jneerudu\source\repos\WebApplication1\WebApplication1\dist\out-tsc\src\app\data-table\components\header.js
c:\users\jneerudu\source\repos\WebApplication1\WebApplication1\dist\out-tsc\src\app\data-table\components\header.js.map
c:\users\jneerudu\source\repos\WebApplication1\WebApplication1\dist\out-tsc\src\app\data-table\utils\px.js
c:\users\jneerudu\source\repos\WebApplication1\WebApplication1\dist\out-tsc\src\app\data-table\utils\px.js.map
c:\users\jneerudu\source\repos\WebApplication1\WebApplication1\dist\out-tsc\src\app\data-table\utils\hide.js
c:\users\jneerudu\source\repos\WebApplication1\WebApplication1\dist\out-tsc\src\app\data-table\utils\hide.js.map
c:\users\jneerudu\source\repos\WebApplication1\WebApplication1\dist\out-tsc\src\app\data-table\utils\min.js
c:\users\jneerudu\source\repos\WebApplication1\WebApplication1\dist\out-tsc\src\app\data-table\utils\min.js.map
c:\users\jneerudu\source\repos\WebApplication1\WebApplication1\dist\out-tsc\src\app\data-table\tools\data-table-resource.js
c:\users\jneerudu\source\repos\WebApplication1\WebApplication1\dist\out-tsc\src\app\data-table\tools\data-table-resource.js.map
c:\users\jneerudu\source\repos\WebApplication1\WebApplication1\dist\out-tsc\src\app\data-table\index.js
c:\users\jneerudu\source\repos\WebApplication1\WebApplication1\dist\out-tsc\src\app\data-table\index.js.map
c:\users\jneerudu\source\repos\WebApplication1\WebApplication1\dist\out-tsc\src\app\app.component.js
c:\users\jneerudu\source\repos\WebApplication1\WebApplication1\dist\out-tsc\src\app\app.component.js.map
c:\users\jneerudu\source\repos\WebApplication1\WebApplication1\dist\out-tsc\src\app\app.module.js
c:\users\jneerudu\source\repos\WebApplication1\WebApplication1\dist\out-tsc\src\app\app.module.js.map
c:\users\jneerudu\source\repos\WebApplication1\WebApplication1\dist\out-tsc\src\environments\environment.js
c:\users\jneerudu\source\repos\WebApplication1\WebApplication1\dist\out-tsc\src\environments\environment.js.map
c:\users\jneerudu\source\repos\WebApplication1\WebApplication1\dist\out-tsc\src\main.js
c:\users\jneerudu\source\repos\WebApplication1\WebApplication1\dist\out-tsc\src\main.js.map
c:\users\jneerudu\source\repos\WebApplication1\WebApplication1\dist\out-tsc\src\polyfills.js
c:\users\jneerudu\source\repos\WebApplication1\WebApplication1\dist\out-tsc\src\polyfills.js.map
c:\users\jneerudu\source\repos\WebApplication1\WebApplication1\dist\out-tsc\src\test.js
c:\users\jneerudu\source\repos\WebApplication1\WebApplication1\dist\out-tsc\src\test.js.map
c:\users\jneerudu\source\repos\WebApplication1\WebApplication1\dist\out-tsc\src\app\app.component.spec.js
c:\users\jneerudu\source\repos\WebApplication1\WebApplication1\dist\out-tsc\src\app\app.component.spec.js.map
c:\users\jneerudu\source\repos\WebApplication1\WebApplication1\dist\out-tsc\src\environments\environment.prod.js
c:\users\jneerudu\source\repos\WebApplication1\WebApplication1\dist\out-tsc\src\environments\environment.prod.js.map
